Log file open, 09/15/16 10:41:12
LogInit:Display: Running engine for game: K4UIntroduction
LogPlatformFile: Not using cached read wrapper
LogInit:Display: RandInit(-2001193592) SRandInit(-2001193591).
LogTaskGraph: Started task graph with 4 named threads and 7 total threads with 1 sets of task threads.
LogStats: Stats thread started at 0.064485
LogInit: Version: 4.12.5-3039270+++UE4+Release-4.12
LogInit: API Version: 2992821
LogInit: Net Version: 3039270
LogDevObjectVersion: Number of dev versions registered: 13
LogDevObjectVersion:   Dev-Blueprints (B0D832E4-1F89-4F0D-ACCF-7EB736FD4AA2): 3
LogDevObjectVersion:   Dev-Build (E1C64328-A22C-4D53-A36C-8E866417BD8C): 0
LogDevObjectVersion:   Dev-Core (375EC13C-06E4-48FB-B500-84F0262A717E): 1
LogDevObjectVersion:   Dev-Editor (E4B068ED-F494-42E9-A231-DA0B2E46BB41): 2
LogDevObjectVersion:   Dev-Framework (CFFC743F-43B0-4480-9391-14DF171D2073): 6
LogDevObjectVersion:   Dev-Mobile (B02B49B5-BB20-44E9-A304-32B752E40360): 0
LogDevObjectVersion:   Dev-Networking (A4E4105C-59A1-49B5-A7C5-40C4547EDFEE): 0
LogDevObjectVersion:   Dev-Online (39C831C9-5AE6-47DC-9A44-9C173E1C8E7C): 0
LogDevObjectVersion:   Dev-Physics (78F01B33-EBEA-4F98-B9B4-84EACCB95AA2): 0
LogDevObjectVersion:   Dev-Platform (6631380F-2D4D-43E0-8009-CF276956A95A): 0
LogDevObjectVersion:   Dev-Rendering (12F88B9F-8875-4AFC-A67C-D90C383ABD29): 2
LogDevObjectVersion:   Dev-Sequencer (7B5AE74C-D270-4C10-A958-57980B212A5A): 0
LogDevObjectVersion:   Dev-VR (D7296918-1DD6-4BDD-9DE2-64A83CC13884): 0
LogInit: Compiled (64-bit): Jul  6 2016 09:09:46
LogInit: Compiled with Visual C++: 19.00.23026.00
LogInit: Build Configuration: Development
LogInit: Branch Name: ++UE4+Release-4.12
LogInit: Command line:  
LogInit: Base directory: C:/Program Files (x86)/Epic Games/4.12/Engine/Binaries/Win64/
LogInit: Installed Engine Build: 1
LogInit: Using libcurl 7.41.0
LogInit:  - built for x86_64-pc-win32
LogInit:  - supports SSL with WinSSL
LogInit:  - other features:
LogInit:      CURL_VERSION_SSL
LogInit:      CURL_VERSION_IPV6
LogInit:      CURL_VERSION_ASYNCHDNS
LogInit:      CURL_VERSION_LARGEFILE
LogInit:      CURL_VERSION_IDN
LogInit:  CurlRequestOptions (configurable via config and command line):
LogInit:  - bVerifyPeer = true  - Libcurl will verify peer certificate
LogInit:  - bUseHttpProxy = false  - Libcurl will NOT use HTTP proxy
LogInit:  - bDontReuseConnections = false  - Libcurl will reuse connections
LogInit:  - CertBundlePath = nullptr  - Libcurl will use whatever was configured at build time.
LogInit: Presizing for max 8388607 objects, including 0 objects not considered by GC, pre-allocating 0 bytes for permanent pool.
LogInit: Object subsystem initialized
[2016.09.15-08.41.13:023][  0]LogInit: Selected Device Profile: [Windows]
[2016.09.15-08.41.13:023][  0]LogInit: Applying CVar settings loaded from the selected device profile: [Windows]
[2016.09.15-08.41.13:030][  0]LogInit: Computer: DESKTOP-BFK9RM7
[2016.09.15-08.41.13:030][  0]LogInit: User: Rasmus
[2016.09.15-08.41.13:030][  0]LogInit: CPU Page size=65536, Cores=4
[2016.09.15-08.41.13:030][  0]LogInit: High frequency timer resolution =3.421879 MHz
[2016.09.15-08.41.13:030][  0]LogMemory: Memory total: Physical=15.9GB (16GB approx)
[2016.09.15-08.41.13:030][  0]LogMemory: Platform Memory Stats for Windows
[2016.09.15-08.41.13:030][  0]LogMemory: Process Physical Memory: 189.89 MB used, 189.89 MB peak
[2016.09.15-08.41.13:030][  0]LogMemory: Process Virtual Memory: 195.09 MB used, 195.09 MB peak
[2016.09.15-08.41.13:030][  0]LogMemory: Physical Memory: 5354.91 MB used, 16305.15 MB total
[2016.09.15-08.41.13:030][  0]LogMemory: Virtual Memory: 552.31 MB used, 134217728.00 MB total
[2016.09.15-08.41.13:058][  0]LogTextLocalizationManager: No specific translations for ('en-US') exist, so ('en') translations will be used.
[2016.09.15-08.41.13:344][  0]LogD3D11RHI: D3D11 adapters:
[2016.09.15-08.41.13:728][  0]LogD3D11RHI:    0. 'NVIDIA GeForce GTX 980 Ti' (Feature Level 11_0)
[2016.09.15-08.41.13:728][  0]LogD3D11RHI:       6102/0/8152 MB DedicatedVideo/DedicatedSystem/SharedSystem, Outputs:1, VendorId:0x10de
[2016.09.15-08.41.13:729][  0]LogD3D11RHI:    1. 'Microsoft Basic Render Driver' (Feature Level 11_0)
[2016.09.15-08.41.13:729][  0]LogD3D11RHI:       0/0/8152 MB DedicatedVideo/DedicatedSystem/SharedSystem, Outputs:0, VendorId:0x1414
[2016.09.15-08.41.13:729][  0]LogD3D11RHI: Chosen D3D11 Adapter: 0
[2016.09.15-08.41.13:732][  0]LogD3D11RHI: Creating new Direct3DDevice
[2016.09.15-08.41.13:732][  0]LogD3D11RHI:     GPU DeviceId: 0x17c8 (for the marketing name, search the web for "GPU Device Id")
[2016.09.15-08.41.13:732][  0]LogWindows: EnumDisplayDevices:
[2016.09.15-08.41.13:732][  0]LogWindows:    0. 'NVIDIA GeForce GTX 980 Ti' (P:1 D:1)
[2016.09.15-08.41.13:732][  0]LogWindows:    1. 'NVIDIA GeForce GTX 980 Ti' (P:0 D:0)
[2016.09.15-08.41.13:732][  0]LogWindows:    2. 'NVIDIA GeForce GTX 980 Ti' (P:0 D:0)
[2016.09.15-08.41.13:733][  0]LogWindows:    3. 'NVIDIA GeForce GTX 980 Ti' (P:0 D:0)
[2016.09.15-08.41.13:733][  0]LogWindows: DebugString: FoundDriverCount:4 
[2016.09.15-08.41.13:733][  0]LogD3D11RHI:     Adapter Name: NVIDIA GeForce GTX 980 Ti
[2016.09.15-08.41.13:733][  0]LogD3D11RHI:   Driver Version: 372.70 (internal:21.21.13.7270, unified:372.70)
[2016.09.15-08.41.13:733][  0]LogD3D11RHI:      Driver Date: 8-25-2016
[2016.09.15-08.41.13:733][  0]LogRHI: Texture pool is 1361 MB (70% of 1945 MB)
[2016.09.15-08.41.14:102][  0]LogD3D11RHI: Async texture creation enabled
[2016.09.15-08.41.14:126][  0]LogD3D11RHI: GPU Timing Frequency: 1000.000000 (Debug: 2 1)
[2016.09.15-08.41.14:127][  0]LogShaderCompilers: Guid format shader working directory is -24 characters bigger than the processId version (../../../../../../Users/Rasmus/Documents/Unreal Projects/The_Chosen_One/Intermediate/Shaders/WorkingDirectory/5636/).
[2016.09.15-08.41.14:127][  0]LogShaderCompilers: Cleaned the shader compiler working directory 'C:/Users/Rasmus/AppData/Local/Temp/UnrealShaderWorkingDir/27CB8CBA4BD4477810FA5B948C898B35/'.
[2016.09.15-08.41.14:127][  0]LogShaderCompilers:Display: Using Local Shader Compiler.
[2016.09.15-08.41.14:863][  0]LogTemp:Display: Loaded TP AllDesktopTargetPlatform
[2016.09.15-08.41.14:870][  0]LogTemp:Display: Loaded TP WindowsClientTargetPlatform
[2016.09.15-08.41.14:876][  0]LogTemp:Display: Loaded TP WindowsNoEditorTargetPlatform
[2016.09.15-08.41.14:883][  0]LogTemp:Display: Loaded TP WindowsServerTargetPlatform
[2016.09.15-08.41.14:890][  0]LogTemp:Display: Loaded TP WindowsTargetPlatform
[2016.09.15-08.41.14:896][  0]LogTemp:Display: Loaded TP AndroidTargetPlatform
[2016.09.15-08.41.14:902][  0]LogTemp:Display: Loaded TP Android_ASTCTargetPlatform
[2016.09.15-08.41.14:908][  0]LogTemp:Display: Loaded TP Android_ATCTargetPlatform
[2016.09.15-08.41.14:914][  0]LogTemp:Display: Loaded TP Android_DXTTargetPlatform
[2016.09.15-08.41.14:920][  0]LogTemp:Display: Loaded TP Android_ETC1TargetPlatform
[2016.09.15-08.41.14:926][  0]LogTemp:Display: Loaded TP Android_ETC2TargetPlatform
[2016.09.15-08.41.14:938][  0]LogTemp:Display: Loaded TP Android_MultiTargetPlatform
[2016.09.15-08.41.14:938][  0]LogTemp:Display: Loaded TP Android_PVRTCTargetPlatform
[2016.09.15-08.41.14:939][  0]LogTemp:Display: Loaded TP HTML5TargetPlatform
[2016.09.15-08.41.14:957][  0]LogTemp:Display: Loaded TP IOSTargetPlatform
[2016.09.15-08.41.14:963][  0]LogTemp:Display: Loaded TP TVOSTargetPlatform
[2016.09.15-08.41.14:969][  0]LogTemp:Display: Loaded TP LinuxNoEditorTargetPlatform
[2016.09.15-08.41.14:974][  0]LogTemp:Display: Loaded TP LinuxServerTargetPlatform
[2016.09.15-08.41.14:980][  0]LogTemp:Display: Loaded TP LinuxTargetPlatform
[2016.09.15-08.41.14:980][  0]LogTargetPlatformManager:Display: Building Assets For Windows
[2016.09.15-08.41.15:032][  0]LogDerivedDataCache:Display: Max Cache Size: 512 MB
[2016.09.15-08.41.15:067][  0]LogDerivedDataCache: Loaded boot cache 0.03s 48MB C:/Users/Rasmus/AppData/Local/UnrealEngine/4.12/DerivedDataCache/Boot.ddc.
[2016.09.15-08.41.15:067][  0]LogDerivedDataCache:Display: Loaded Boot cache: C:/Users/Rasmus/AppData/Local/UnrealEngine/4.12/DerivedDataCache/Boot.ddc
[2016.09.15-08.41.15:067][  0]LogDerivedDataCache: FDerivedDataBackendGraph:  Pak pak cache file ../../../../../../Users/Rasmus/Documents/Unreal Projects/The_Chosen_One/DerivedDataCache/DDC.ddp not found, will not use a pak cache.
[2016.09.15-08.41.15:067][  0]LogDerivedDataCache: Unable to find inner node Pak for hierarchical cache Hierarchy.
[2016.09.15-08.41.15:067][  0]LogDerivedDataCache: FDerivedDataBackendGraph:  CompressedPak pak cache file ../../../../../../Users/Rasmus/Documents/Unreal Projects/The_Chosen_One/DerivedDataCache/Compressed.ddp not found, will not use a pak cache.
[2016.09.15-08.41.15:067][  0]LogDerivedDataCache: Unable to find inner node CompressedPak for hierarchical cache Hierarchy.
[2016.09.15-08.41.15:080][  0]LogDerivedDataCache:Display: Pak cache opened for reading ../../../Engine/DerivedDataCache/Compressed.ddp.
[2016.09.15-08.41.15:091][  0]LogDerivedDataCache: Using Local data cache path C:/Users/Rasmus/AppData/Local/UnrealEngine/Common/DerivedDataCache: Writable
[2016.09.15-08.41.15:234][  0]LogInit: Selected Device Profile: [Windows]
[2016.09.15-08.41.15:235][  0]LogContentStreaming: Texture pool size is 0.00 MB
[2016.09.15-08.41.15:350][  0]LogMeshUtilities: No automatic mesh reduction module available
[2016.09.15-08.41.15:350][  0]LogMeshUtilities: No automatic mesh merging module available
[2016.09.15-08.41.15:350][  0]LogMeshUtilities: No distributed automatic mesh merging module available
[2016.09.15-08.41.15:534][  0]LogAssetRegistry: FAssetRegistry took 0.0211 seconds to start up
[2016.09.15-08.41.15:553][  0]LogPackageLocalizationCache: Processed 3 localized package path(s) for 2 prioritized culture(s) in 0.017035 seconds
[2016.09.15-08.41.15:556][  0]LogUObjectArray: 28739 objects as part of root set at end of initial load.
[2016.09.15-08.41.15:556][  0]LogUObjectAllocator: 5855624 out of 0 bytes used by permanent object pool.
[2016.09.15-08.41.15:556][  0]LogUObjectArray: CloseDisregardForGC: 0/0 objects in disregard for GC pool
[2016.09.15-08.41.15:560][  0]LogInit: WinSock: version 1.1 (2.2), MaxSocks=32767, MaxUdp=65467
[2016.09.15-08.41.15:686][  0]LogSlate: SlateFontCache - WITH_FREETYPE: 1, WITH_HARFBUZZ: 1
[2016.09.15-08.41.15:686][  0]LogSlate: SlateFontCache - WITH_FREETYPE: 1, WITH_HARFBUZZ: 1
[2016.09.15-08.41.16:357][  0]LogUdpMessaging: Initializing bridge on interface 0.0.0.0:0 to multicast group 230.0.0.1:6666.
[2016.09.15-08.41.16:641][  0]SourceControl: Info Source control is disabled
[2016.09.15-08.41.17:456][  0]LogEngine: Initializing Engine...
[2016.09.15-08.41.17:457][  0]LogHMD: SteamVR failed to initialize.  Err: 110
[2016.09.15-08.41.17:457][  0]LogHMD: SteamVR failed to initialize.  Err: 110
[2016.09.15-08.41.17:561][  0]LogAIModule: Creating AISystem for world NewWorld
[2016.09.15-08.41.17:579][  0]LogInit: XAudio2 using 'ROG PG279Q-8 (NVIDIA High Definition Audio)' : 2 channels at 48 kHz using 16 bits per sample (channel mask 0x3)
[2016.09.15-08.41.17:586][  0]LogInit: FAudioDevice initialized.
[2016.09.15-08.41.17:605][  0]LogDerivedDataCache: Saved boot cache 0.02s 48MB C:/Users/Rasmus/AppData/Local/UnrealEngine/4.12/DerivedDataCache/Boot.ddc.
[2016.09.15-08.41.17:608][  0]LogInit: Texture streaming: Enabled
[2016.09.15-08.41.17:623][  0]LogInit: Transaction tracking system initialized
[2016.09.15-08.41.17:637][  0]BlueprintLog: New page: Editor Load
[2016.09.15-08.41.17:685][  0]LocalizationService: Info Localization service is disabled
[2016.09.15-08.41.17:731][  0]LogConsoleResponse:Display: 
[2016.09.15-08.41.17:813][  0]LogCook:Display: Max memory allowance for cook 8192mb
[2016.09.15-08.41.17:813][  0]LogCook:Display: Mobile HDR setting 1
[2016.09.15-08.41.18:080][  0]LogFileCache: Scanning file cache for directory 'C:/Users/Rasmus/Documents/Unreal Projects/The_Chosen_One/Content/' took 0.01s
[2016.09.15-08.41.18:080][  0]Cmd: MAP LOAD FILE="../../../../../../Users/Rasmus/Documents/Unreal Projects/The_Chosen_One/Content/Maps/Level_Test.umap" TEMPLATE=0 SHOWPROGRESS=1 FEATURELEVEL=3
[2016.09.15-08.41.18:080][  0]LightingResults: New page: Lighting Build
[2016.09.15-08.41.18:082][  0]MapCheck: New page: Map Check
[2016.09.15-08.41.18:082][  0]LightingResults: New page: Lighting Build
[2016.09.15-08.41.18:103][  0]LogLinker:Warning: Can't find file '/Game/MyWork/BP_Bullet'
[2016.09.15-08.41.18:103][  0]LogLinker:Warning: Can't find file for asset '/Game/MyWork/BP_Bullet' while loading ../../../../../../Users/Rasmus/Documents/Unreal Projects/The_Chosen_One/Content/Maps/Level_Test.umap.
[2016.09.15-08.41.18:103][  0]LoadErrors:Error: Error /Game/Maps/Level_Test : Can't find file for asset. /Game/MyWork/BP_Bullet
[2016.09.15-08.41.18:106][  0]LogLinker:Warning: Can't find file '/Game/MyWork/BP_Bullet'
[2016.09.15-08.41.18:106][  0]LogLinker:Warning: Can't find file for asset '/Game/MyWork/BP_Bullet' while loading ../../../../../../Users/Rasmus/Documents/Unreal Projects/The_Chosen_One/Content/Maps/Level_Test.umap.
[2016.09.15-08.41.18:106][  0]LoadErrors:Error: Error /Game/Maps/Level_Test : Can't find file for asset. /Game/MyWork/BP_Bullet
[2016.09.15-08.41.18:106][  0]LogLinker:Warning: Can't find file '/Game/MyWork/BP_Bullet'
[2016.09.15-08.41.18:106][  0]LogLinker:Warning: Can't find file for asset '/Game/MyWork/BP_Bullet' while loading ../../../../../../Users/Rasmus/Documents/Unreal Projects/The_Chosen_One/Content/Maps/Level_Test.umap.
[2016.09.15-08.41.18:106][  0]LoadErrors:Error: Error /Game/Maps/Level_Test : Can't find file for asset. /Game/MyWork/BP_Bullet
[2016.09.15-08.41.18:107][  0]LogLinker:Warning: Can't find file '/Game/MyWork/BP_Bullet'
[2016.09.15-08.41.18:107][  0]LogLinker:Warning: Can't find file for asset '/Game/MyWork/BP_Bullet' while loading ../../../../../../Users/Rasmus/Documents/Unreal Projects/The_Chosen_One/Content/Maps/Level_Test.umap.
[2016.09.15-08.41.18:107][  0]LoadErrors:Error: Error /Game/Maps/Level_Test : Can't find file for asset. /Game/MyWork/BP_Bullet
[2016.09.15-08.41.18:107][  0]LogLinker:Warning: Can't find file '/Game/MyWork/BP_Bullet'
[2016.09.15-08.41.18:107][  0]LogLinker:Warning: Can't find file for asset '/Game/MyWork/BP_Bullet' while loading ../../../../../../Users/Rasmus/Documents/Unreal Projects/The_Chosen_One/Content/Maps/Level_Test.umap.
[2016.09.15-08.41.18:107][  0]LoadErrors:Error: Error /Game/Maps/Level_Test : Can't find file for asset. /Game/MyWork/BP_Bullet
[2016.09.15-08.41.18:107][  0]LogLinker:Warning: Can't find file '/Game/MyWork/BP_Bullet'
[2016.09.15-08.41.18:107][  0]LogLinker:Warning: Can't find file for asset '/Game/MyWork/BP_Bullet' while loading NULL.
[2016.09.15-08.41.18:107][  0]LogLinker:Warning: Can't find file '/Game/MyWork/BP_Bullet'
[2016.09.15-08.41.18:108][  0]LogLinker:Warning: Can't find file for asset '/Game/MyWork/BP_Bullet' while loading NULL.
[2016.09.15-08.41.18:108][  0]LogLinker:Warning: Can't find file '/Game/MyWork/BP_Bullet'
[2016.09.15-08.41.18:108][  0]LogLinker:Warning: Can't find file for asset '/Game/MyWork/BP_Bullet' while loading NULL.
[2016.09.15-08.41.18:108][  0]LogLinker:Warning: Can't find file '/Game/MyWork/BP_Bullet'
[2016.09.15-08.41.18:108][  0]LogLinker:Warning: Can't find file for asset '/Game/MyWork/BP_Bullet' while loading NULL.
[2016.09.15-08.41.18:108][  0]LogLinker:Warning: Can't find file '/Game/MyWork/BP_Bullet'
[2016.09.15-08.41.18:108][  0]LogLinker:Warning: Can't find file for asset '/Game/MyWork/BP_Bullet' while loading NULL.
[2016.09.15-08.41.18:112][  0]LogLinker:Warning: Can't find file '/Game/MyWork/BP_Bullet'
[2016.09.15-08.41.18:112][  0]LogLinker:Warning: Can't find file for asset '/Game/MyWork/BP_Bullet' while loading NULL.
[2016.09.15-08.41.18:113][  0]LogLinker:Warning: Can't find file '/Game/MyWork/BP_Bullet'
[2016.09.15-08.41.18:113][  0]LogLinker:Warning: Can't find file for asset '/Game/MyWork/BP_Bullet' while loading NULL.
[2016.09.15-08.41.18:113][  0]LogLinker:Warning: Can't find file '/Game/MyWork/BP_Bullet'
[2016.09.15-08.41.18:113][  0]LogLinker:Warning: Can't find file for asset '/Game/MyWork/BP_Bullet' while loading NULL.
[2016.09.15-08.41.18:113][  0]LogLinker:Warning: Can't find file '/Game/MyWork/BP_Bullet'
[2016.09.15-08.41.18:113][  0]LogLinker:Warning: Can't find file for asset '/Game/MyWork/BP_Bullet' while loading NULL.
[2016.09.15-08.41.18:115][  0]LogLinker:Warning: Can't find file '/Game/MyWork/BP_Bullet'
[2016.09.15-08.41.18:115][  0]LogLinker:Warning: Can't find file for asset '/Game/MyWork/BP_Bullet' while loading NULL.
[2016.09.15-08.41.18:115][  0]LogLinker:Warning: Can't find file '/Game/MyWork/BP_Bullet'
[2016.09.15-08.41.18:115][  0]LogLinker:Warning: Can't find file for asset '/Game/MyWork/BP_Bullet' while loading NULL.
[2016.09.15-08.41.18:115][  0]LogLinker:Warning: Can't find file '/Game/MyWork/BP_Bullet'
[2016.09.15-08.41.18:115][  0]LogLinker:Warning: Can't find file for asset '/Game/MyWork/BP_Bullet' while loading NULL.
[2016.09.15-08.41.18:115][  0]LogLinker:Warning: Can't find file '/Game/MyWork/BP_Bullet'
[2016.09.15-08.41.18:115][  0]LogLinker:Warning: Can't find file for asset '/Game/MyWork/BP_Bullet' while loading NULL.
[2016.09.15-08.41.18:116][  0]LogLinker:Warning: Can't find file '/Game/MyWork/BP_Bullet'
[2016.09.15-08.41.18:116][  0]LogLinker:Warning: Can't find file for asset '/Game/MyWork/BP_Bullet' while loading NULL.
[2016.09.15-08.41.18:117][  0]LogLinker:Warning: Can't find file '/Game/MyWork/BP_Bullet'
[2016.09.15-08.41.18:117][  0]LoadErrors: Info Failed to load /Game/MyWork/BP_Bullet.BP_Bullet_C Referenced by PersistentLevel
[2016.09.15-08.41.18:117][  0]LogLinker:Warning: Can't find file for asset '/Game/MyWork/BP_Bullet' while loading NULL.
[2016.09.15-08.41.18:117][  0]LoadErrors: Info Failed to load /Game/MyWork/BP_Bullet.BP_Bullet_C Referenced by PersistentLevel
[2016.09.15-08.41.18:131][  0]LogAIModule: Creating AISystem for world Level_Test
[2016.09.15-08.41.18:137][  0]LogEditorServer: Finished looking for orphan Actors (0.000 secs)
[2016.09.15-08.41.18:137][  0]Cmd: MAP CHECKDEP NOCLEARLOG
[2016.09.15-08.41.18:193][  0]MapCheck: Info Map check complete: 0 Error(s), 0 Warning(s), took 56.536ms to complete.
[2016.09.15-08.41.18:193][  0]LogFileHelpers: Loading map 'Level_Test' took 0.114
[2016.09.15-08.41.18:362][  0]LogCollectionManager: Loaded 0 collections in 0.001076 seconds
[2016.09.15-08.41.18:401][  0]LogFileCache: Scanning file cache for directory 'C:/Users/Rasmus/Documents/Unreal Projects/The_Chosen_One/Saved/Collections/' took 0.01s
[2016.09.15-08.41.18:401][  0]LogFileCache: Scanning file cache for directory 'C:/Users/Rasmus/Documents/Unreal Projects/The_Chosen_One/Content/Developers/Rasmus/Collections/' took 0.01s
[2016.09.15-08.41.18:401][  0]LogFileCache: Scanning file cache for directory 'C:/Users/Rasmus/Documents/Unreal Projects/The_Chosen_One/Content/Collections/' took 0.01s
[2016.09.15-08.41.18:401][  0]LogCollectionManager: Rebuilt the GUID cache for 0 collections in 0.000002 seconds
[2016.09.15-08.41.18:407][  0]LogContentBrowser: Native class hierarchy populated in 0.0057 seconds. Added 2064 classes and 377 folders.
[2016.09.15-08.41.18:409][  0]LogStats: UGameplayTagsManager::ConstructGameplayTagTree: Construct from data asset -  0.000 s
[2016.09.15-08.41.18:409][  0]LogStats: UGameplayTagsManager::ConstructGameplayTagTree: GameplayTagTreeChangedEvent.Broadcast -  0.000 s
[2016.09.15-08.41.18:410][  0]LogContentBrowser: Native class hierarchy updated for 'GameplayTags' in 0.0003 seconds. Added 12 classes and 0 folders.
[2016.09.15-08.41.18:413][  0]LogContentBrowser: Native class hierarchy updated for 'WidgetCarousel' in 0.0003 seconds. Added 0 classes and 0 folders.
[2016.09.15-08.41.18:456][  0]LogContentBrowser: Native class hierarchy updated for 'AddContentDialog' in 0.0003 seconds. Added 0 classes and 0 folders.
[2016.09.15-08.41.18:458][  0]LogContentBrowser: Native class hierarchy updated for 'SceneOutliner' in 0.0003 seconds. Added 1 classes and 2 folders.
[2016.09.15-08.41.18:489][  0]LogCrashTracker: Crashtracker disabled due to settings.
[2016.09.15-08.41.18:493][  0]LogUObjectGlobals:Warning: Failed to find object 'Class None.'
[2016.09.15-08.41.18:517][  0]LogContentBrowser: Native class hierarchy updated for 'HierarchicalLODOutliner' in 0.0003 seconds. Added 1 classes and 2 folders.
[2016.09.15-08.41.18:517][  0]LogLoad: Full Startup: 6.07 seconds (BP compile: 0.01 seconds)
[2016.09.15-08.41.18:517][  0]LogExternalProfiler: Found external profiler: VSPerf
[2016.09.15-08.41.18:517][  0]LogExternalProfiler: Using external profiler: VSPerf
[2016.09.15-08.41.18:526][  0]LogWindowsTextInputMethodSystem:Display: IME system now deactivated.
[2016.09.15-08.41.18:526][  0]LogOcInput: OculusInput pre-init called
[2016.09.15-08.41.18:526][  0]LoadErrors:Warning: Warning CreateExport: Failed to load Outer for resource 'Ripple_Effect': BP_Bullet_C /Game/Maps/Level_Test.Level_Test:PersistentLevel.BP_Bullet_374
[2016.09.15-08.41.18:526][  0]LoadErrors:Warning: Warning CreateExport: Failed to load Outer for resource 'Root': BP_Bullet_C /Game/Maps/Level_Test.Level_Test:PersistentLevel.BP_Bullet_374
[2016.09.15-08.41.18:526][  0]LoadErrors:Warning: Warning CreateExport: Failed to load Outer for resource 'Bullet': BP_Bullet_C /Game/Maps/Level_Test.Level_Test:PersistentLevel.BP_Bullet_374
[2016.09.15-08.41.18:565][  0]SourceControl: Info On branch master
[2016.09.15-08.41.18:565][  0]SourceControl: Info Your branch is up-to-date with 'origin/master'.
[2016.09.15-08.41.18:565][  0]SourceControl: Info Changes not staged for commit:
[2016.09.15-08.41.18:565][  0]SourceControl: Info   (use "git add <file>..." to update what will be committed)
[2016.09.15-08.41.18:565][  0]SourceControl: Info   (use "git checkout -- <file>..." to discard changes in working directory)
[2016.09.15-08.41.18:565][  0]SourceControl: Info 	modified:   Intermediate/CachedAssetRegistry.bin
[2016.09.15-08.41.18:565][  0]SourceControl: Info 	modified:   Saved/Config/Windows/Engine.ini
[2016.09.15-08.41.18:565][  0]SourceControl: Info 	modified:   Saved/Logs/K4UIntroduction.log
[2016.09.15-08.41.18:565][  0]SourceControl: Info no changes added to commit (use "git add" and/or "git commit -a")
[2016.09.15-08.41.18:565][  0]LogContentStreaming: Texture pool size now 1000 MB
[2016.09.15-08.41.18:691][  0]LogRenderer: Reallocating scene render targets to support 1448x836 (Frame:2).
[2016.09.15-08.41.18:783][  1]LogFileCache: Retrieving MD5 hashes for directory 'C:/Users/Rasmus/Documents/Unreal Projects/The_Chosen_One/Content/' took 0.25s
[2016.09.15-08.41.18:789][  1]LogAssetRegistry: Asset discovery search completed in 3.2760 seconds
[2016.09.15-08.41.18:789][  1]LogCollectionManager: Rebuilt the object cache for 0 collections in 0.000001 seconds (found 0 objects)
[2016.09.15-08.41.18:789][  1]LogCollectionManager: Fixed up redirectors for 0 collections in 0.000015 seconds (updated 0 objects)
[2016.09.15-08.41.37:084][620]AssetReimport: New page: Outstanding source content changes 11:41:37 AM
[2016.09.15-08.41.37:084][620]LogFactory: FactoryCreateFile: StaticMesh with FbxFactory (0 0 C:/Users/Rasmus/Documents/Unreal Projects/The_Chosen_One/Content/Meshes/Bullet.fbx)
[2016.09.15-08.41.37:088][620]LogFbx: ItemName: GlobalSettings, ItemCount : 1
[2016.09.15-08.41.37:088][620]LogFbx: ItemName: Geometry, ItemCount : 3
[2016.09.15-08.41.37:088][620]LogFbx: ItemName: Model, ItemCount : 3
[2016.09.15-08.41.37:088][620]LogFbx: ItemName: Material, ItemCount : 2
[2016.09.15-08.41.37:093][620]LogFbx: Loading FBX Scene from C:/Users/Rasmus/Documents/Unreal Projects/The_Chosen_One/Content/Meshes/Bullet.fbx
[2016.09.15-08.41.37:098][620]LogFbx: FBX Scene Loaded Succesfully
[2016.09.15-08.41.39:068][620]LogFbx: Loading FBX Scene from C:/Users/Rasmus/Documents/Unreal Projects/The_Chosen_One/Content/Meshes/Bullet.fbx
[2016.09.15-08.41.39:073][620]LogFbx: FBX Scene Loaded Succesfully
[2016.09.15-08.41.39:078][620]LogMaterial: Missing cached shader map for material Material_001, compiling. 
[2016.09.15-08.41.39:126][620]LogMaterial: Missing cached shader map for material Material, compiling. 
[2016.09.15-08.41.39:138][620]LogStaticMesh: Building static mesh Bullet...
[2016.09.15-08.41.39:142][620]LogStaticMesh: Built static mesh [0.00s] /Game/Meshes/Bullet.Bullet
[2016.09.15-08.41.39:308][621]Cmd: OBJ SAVEPACKAGE PACKAGE="/Game/Meshes/Bullet" FILE="../../../../../../Users/Rasmus/Documents/Unreal Projects/The_Chosen_One/Content/Meshes/Bullet.uasset" SILENT=true
[2016.09.15-08.41.39:317][621]LogSavePackage: Save=8.00ms
[2016.09.15-08.41.39:317][621]LogSavePackage: Moving '../../../../../../Users/Rasmus/Documents/Unreal Projects/The_Chosen_One/Saved/Bullet1B17F9CD4AFF2F88126AE89D64366707.tmp' to '../../../../../../Users/Rasmus/Documents/Unreal Projects/The_Chosen_One/Content/Meshes/Bullet.uasset'
[2016.09.15-08.41.39:319][621]LogSavePackage:Display: Finished SavePackage ../../../../../../Users/Rasmus/Documents/Unreal Projects/The_Chosen_One/Content/Meshes/Bullet.uasset
[2016.09.15-08.41.42:468][817]AssetReimport: Info Importing new asset /Game/Meshes/Bullet.
[2016.09.15-08.42.08:334][106]LogLinker:Warning: Can't find file '/Game/MyWork/Material'
[2016.09.15-08.42.08:334][106]LogLinker:Warning: Can't find file for asset '/Game/MyWork/Material' while loading ../../../../../../Users/Rasmus/Documents/Unreal Projects/The_Chosen_One/Content/MyWork/Bullet.uasset.
[2016.09.15-08.42.08:334][106]LoadErrors:Error: Error /Game/MyWork/Bullet : Can't find file for asset. /Game/MyWork/Material
[2016.09.15-08.42.08:334][106]LogLinker:Warning: Can't find file '/Game/MyWork/Material_001'
[2016.09.15-08.42.08:334][106]LogLinker:Warning: Can't find file for asset '/Game/MyWork/Material_001' while loading ../../../../../../Users/Rasmus/Documents/Unreal Projects/The_Chosen_One/Content/MyWork/Bullet.uasset.
[2016.09.15-08.42.08:334][106]LoadErrors:Error: Error /Game/MyWork/Bullet : Can't find file for asset. /Game/MyWork/Material_001
[2016.09.15-08.42.08:334][106]LogLinker:Warning: Can't find file '/Game/MyWork/Material'
[2016.09.15-08.42.08:334][106]LogLinker:Warning: Can't find file for asset '/Game/MyWork/Material' while loading ../../../../../../Users/Rasmus/Documents/Unreal Projects/The_Chosen_One/Content/MyWork/Bullet.uasset.
[2016.09.15-08.42.08:335][106]LogLinker:Warning: Can't find file '/Game/MyWork/Material_001'
[2016.09.15-08.42.08:335][106]LogLinker:Warning: Can't find file for asset '/Game/MyWork/Material_001' while loading ../../../../../../Users/Rasmus/Documents/Unreal Projects/The_Chosen_One/Content/MyWork/Bullet.uasset.
[2016.09.15-08.42.08:337][106]LogLinker:Warning: Can't find file '/Game/MyWork/M_Bullet_Effect'
[2016.09.15-08.42.08:337][106]LogLinker:Warning: Can't find file for asset '/Game/MyWork/M_Bullet_Effect' while loading ../../../../../../Users/Rasmus/Documents/Unreal Projects/The_Chosen_One/Content/MyWork/P_Bullet_Time.uasset.
[2016.09.15-08.42.08:337][106]LoadErrors:Error: Error /Game/MyWork/P_Bullet_Time : Can't find file for asset. /Game/MyWork/M_Bullet_Effect
[2016.09.15-08.42.08:337][106]LogLinker:Warning: Can't find file '/Game/MyWork/M_Bullet_Effect'
[2016.09.15-08.42.08:337][106]LogLinker:Warning: Can't find file for asset '/Game/MyWork/M_Bullet_Effect' while loading ../../../../../../Users/Rasmus/Documents/Unreal Projects/The_Chosen_One/Content/MyWork/P_Bullet_Time.uasset.
[2016.09.15-08.42.08:347][106]LogLinker:Warning: Can't find file '/Game/MyWork/M_Bullet_Effect'
[2016.09.15-08.42.08:347][106]LoadErrors: Info Failed to load /Game/MyWork/M_Bullet_Effect.M_Bullet_Effect Referenced by ParticleModuleRequired_0
[2016.09.15-08.42.08:347][106]LogLinker:Warning: Can't find file for asset '/Game/MyWork/M_Bullet_Effect' while loading NULL.
[2016.09.15-08.42.08:347][106]LogLinker:Warning: Can't find file '/Game/MyWork/Material_001'
[2016.09.15-08.42.08:347][106]LoadErrors: Info Failed to load /Game/MyWork/Material_001.Material_001 Referenced by Bullet
[2016.09.15-08.42.08:347][106]LogLinker:Warning: Can't find file for asset '/Game/MyWork/Material_001' while loading NULL.
[2016.09.15-08.42.08:348][106]LogLinker:Warning: Can't find file '/Game/MyWork/Material'
[2016.09.15-08.42.08:348][106]LoadErrors: Info Failed to load /Game/MyWork/Material.Material Referenced by Bullet
[2016.09.15-08.42.08:348][106]LogLinker:Warning: Can't find file for asset '/Game/MyWork/Material' while loading NULL.
[2016.09.15-08.42.14:518][781]LogBlueprintUserMessages: Early PlayInEditor Detection: Level '/Game/Maps/Level_Test.Level_Test:PersistentLevel' has LevelScriptBlueprint '/Game/Maps/Level_Test.Level_Test:PersistentLevel.Level_Test' with GeneratedClass '/Game/Maps/Level_Test.Level_Test_C' with ClassGeneratedBy '/Game/Maps/Level_Test.Level_Test:PersistentLevel.Level_Test'
[2016.09.15-08.42.14:518][781]LogPlayLevel: PlayLevel: No blueprints needed recompiling
[2016.09.15-08.42.14:518][781]PIE: New page: SIE session: Level_Test (Sep 15, 2016, 11:42:14 AM)
[2016.09.15-08.42.14:518][781]LogPlayLevel: Creating play world package: /Game/Maps/UEDPIE_0_Level_Test
[2016.09.15-08.42.14:523][781]LogPlayLevel: PIE: StaticDuplicateObject took: (0.004348s)
[2016.09.15-08.42.14:523][781]LogAIModule: Creating AISystem for world Level_Test
[2016.09.15-08.42.14:523][781]LogPlayLevel: PIE: World Init took: (0.000549s)
[2016.09.15-08.42.14:524][781]LogPlayLevel: PIE: Created PIE world by copying editor world from /Game/Maps/Level_Test.Level_Test to /Game/Maps/UEDPIE_0_Level_Test.Level_Test (0.005105s)
[2016.09.15-08.42.14:548][781]LogInit: XAudio2 using 'ROG PG279Q-8 (NVIDIA High Definition Audio)' : 2 channels at 48 kHz using 16 bits per sample (channel mask 0x3)
[2016.09.15-08.42.14:552][781]LogInit: FAudioDevice initialized.
[2016.09.15-08.42.14:697][781]LogWorld: Game class is 'MyGameMode_C'
[2016.09.15-08.42.14:700][781]LogWorld: Bringing World /Game/Maps/UEDPIE_0_Level_Test.Level_Test up for play (max tick rate 0) at 2016.09.15-10.42.14
[2016.09.15-08.42.14:700][781]LogWorld: Bringing up level for play took: 0.002227
[2016.09.15-08.42.14:703][781]LogContentBrowser: Native class hierarchy updated for 'MovieSceneCapture' in 0.0003 seconds. Added 11 classes and 0 folders.
[2016.09.15-08.42.14:703][781]PIE: Info Play in editor start time for /Game/Maps/UEDPIE_0_Level_Test 0.086
[2016.09.15-08.42.14:710][781]LogBlueprintUserMessages: Late PlayInEditor Detection: Level '/Game/Maps/Level_Test.Level_Test:PersistentLevel' has LevelScriptBlueprint '/Game/Maps/Level_Test.Level_Test:PersistentLevel.Level_Test' with GeneratedClass '/Game/Maps/Level_Test.Level_Test_C' with ClassGeneratedBy '/Game/Maps/Level_Test.Level_Test:PersistentLevel.Level_Test'
[2016.09.15-08.42.18:843][170]LogBlueprintUserMessages: Early EndPlayMap Detection: Level '/Game/Maps/Level_Test.Level_Test:PersistentLevel' has LevelScriptBlueprint '/Game/Maps/Level_Test.Level_Test:PersistentLevel.Level_Test' with GeneratedClass '/Game/Maps/Level_Test.Level_Test_C' with ClassGeneratedBy '/Game/Maps/Level_Test.Level_Test:PersistentLevel.Level_Test'
[2016.09.15-08.42.18:888][170]LogBlueprintUserMessages: Late EndPlayMap Detection: Level '/Game/Maps/Level_Test.Level_Test:PersistentLevel' has LevelScriptBlueprint '/Game/Maps/Level_Test.Level_Test:PersistentLevel.Level_Test' with GeneratedClass '/Game/Maps/Level_Test.Level_Test_C' with ClassGeneratedBy '/Game/Maps/Level_Test.Level_Test:PersistentLevel.Level_Test'
[2016.09.15-08.42.42:580][417]Cmd: OBJ SAVEPACKAGE PACKAGE="/Game/MyWork/Bullet" FILE="../../../../../../Users/Rasmus/Documents/Unreal Projects/The_Chosen_One/Content/MyWork/Bullet.uasset" SILENT=true
[2016.09.15-08.42.42:594][417]LogSavePackage: Save=8.02ms
[2016.09.15-08.42.42:594][417]LogSavePackage: Moving '../../../../../../Users/Rasmus/Documents/Unreal Projects/The_Chosen_One/Saved/BulletC4877B774BDD606CEA4CE694C87E9D7B.tmp' to '../../../../../../Users/Rasmus/Documents/Unreal Projects/The_Chosen_One/Content/MyWork/Bullet.uasset'
[2016.09.15-08.42.42:596][417]LogSavePackage:Display: Finished SavePackage ../../../../../../Users/Rasmus/Documents/Unreal Projects/The_Chosen_One/Content/MyWork/Bullet.uasset
[2016.09.15-08.42.51:229][ 56]LogContentBrowser: Native class hierarchy updated for 'Cascade' in 0.0004 seconds. Added 2 classes and 2 folders.
[2016.09.15-08.43.04:092][702]Cmd: OBJ SAVEPACKAGE PACKAGE="/Game/MyWork/P_Bullet_Time" FILE="../../../../../../Users/Rasmus/Documents/Unreal Projects/The_Chosen_One/Content/MyWork/P_Bullet_Time.uasset" SILENT=true
[2016.09.15-08.43.04:103][702]LogSavePackage: Save=4.59ms
[2016.09.15-08.43.04:103][702]LogSavePackage: Moving '../../../../../../Users/Rasmus/Documents/Unreal Projects/The_Chosen_One/Saved/P_Bullet_Time6C41D41946FFAECBE060089C610A27F9.tmp' to '../../../../../../Users/Rasmus/Documents/Unreal Projects/The_Chosen_One/Content/MyWork/P_Bullet_Time.uasset'
[2016.09.15-08.43.04:104][702]LogSavePackage:Display: Finished SavePackage ../../../../../../Users/Rasmus/Documents/Unreal Projects/The_Chosen_One/Content/MyWork/P_Bullet_Time.uasset
[2016.09.15-08.43.05:879][782]LogCascade: Quitting Cascade. FXSystem=0x00000174C95FB1A0
[2016.09.15-08.43.08:057][999]LogBlueprintUserMessages: Early PlayInEditor Detection: Level '/Game/Maps/Level_Test.Level_Test:PersistentLevel' has LevelScriptBlueprint '/Game/Maps/Level_Test.Level_Test:PersistentLevel.Level_Test' with GeneratedClass '/Game/Maps/Level_Test.Level_Test_C' with ClassGeneratedBy '/Game/Maps/Level_Test.Level_Test:PersistentLevel.Level_Test'
[2016.09.15-08.43.08:057][999]LogPlayLevel: PlayLevel: No blueprints needed recompiling
[2016.09.15-08.43.08:057][999]PIE: New page: SIE session: Level_Test (Sep 15, 2016, 11:43:08 AM)
[2016.09.15-08.43.08:057][999]LogPlayLevel: Creating play world package: /Game/Maps/UEDPIE_0_Level_Test
[2016.09.15-08.43.08:061][999]LogPlayLevel: PIE: StaticDuplicateObject took: (0.004109s)
[2016.09.15-08.43.08:062][999]LogAIModule: Creating AISystem for world Level_Test
[2016.09.15-08.43.08:062][999]LogPlayLevel: PIE: World Init took: (0.000428s)
[2016.09.15-08.43.08:062][999]LogPlayLevel: PIE: Created PIE world by copying editor world from /Game/Maps/Level_Test.Level_Test to /Game/Maps/UEDPIE_0_Level_Test.Level_Test (0.004734s)
[2016.09.15-08.43.08:084][999]LogInit: XAudio2 using 'ROG PG279Q-8 (NVIDIA High Definition Audio)' : 2 channels at 48 kHz using 16 bits per sample (channel mask 0x3)
[2016.09.15-08.43.08:088][999]LogInit: FAudioDevice initialized.
[2016.09.15-08.43.08:128][999]LogWorld: Game class is 'MyGameMode_C'
[2016.09.15-08.43.08:131][999]LogWorld: Bringing World /Game/Maps/UEDPIE_0_Level_Test.Level_Test up for play (max tick rate 0) at 2016.09.15-10.43.08
[2016.09.15-08.43.08:132][999]LogWorld: Bringing up level for play took: 0.002463
[2016.09.15-08.43.08:133][999]PIE: Info Play in editor start time for /Game/Maps/UEDPIE_0_Level_Test -0.485
[2016.09.15-08.43.08:138][999]LogBlueprintUserMessages: Late PlayInEditor Detection: Level '/Game/Maps/Level_Test.Level_Test:PersistentLevel' has LevelScriptBlueprint '/Game/Maps/Level_Test.Level_Test:PersistentLevel.Level_Test' with GeneratedClass '/Game/Maps/Level_Test.Level_Test_C' with ClassGeneratedBy '/Game/Maps/Level_Test.Level_Test:PersistentLevel.Level_Test'
[2016.09.15-08.43.08:632][ 45]LogEditorViewport: Clicking on Actor (LMB): StaticMeshActor (Cube)
[2016.09.15-08.43.26:483][308]LogMaterial: Missing cached shader map for material M_Bullet_Effect, compiling. 
[2016.09.15-08.43.26:542][308]LogMaterial: Missing cached shader map for material M_Bullet_Effect, compiling. 
[2016.09.15-08.43.26:545][308]LogMaterial: 0.00 seconds spent updating 1 materials, 1 interfaces, 0 instances, 0 with static permutations.
[2016.09.15-08.43.26:568][308]LogMaterial: Missing cached shader map for material FMatExpressionPreview MaterialExpressionConstant3Vector_0, compiling. 
[2016.09.15-08.43.27:735][361]MaterialEditorStats: Info Base pass shader without light map: 20 instructions
[2016.09.15-08.43.27:735][361]MaterialEditorStats: Info Vertex shader: 68 instructions
[2016.09.15-08.43.27:735][361]MaterialEditorStats: Info Texture samplers: 3/16
[2016.09.15-08.44.02:210][311]Cmd: OBJ SAVEPACKAGE PACKAGE="/Game/MyWork/P_Bullet_Time" FILE="../../../../../../Users/Rasmus/Documents/Unreal Projects/The_Chosen_One/Content/MyWork/P_Bullet_Time.uasset" SILENT=true
[2016.09.15-08.44.02:221][311]LogSavePackage: Save=4.51ms
[2016.09.15-08.44.02:221][311]LogSavePackage: Moving '../../../../../../Users/Rasmus/Documents/Unreal Projects/The_Chosen_One/Saved/P_Bullet_Time3A8E8A9D4AD12533DA1D1498CE86F8DE.tmp' to '../../../../../../Users/Rasmus/Documents/Unreal Projects/The_Chosen_One/Content/MyWork/P_Bullet_Time.uasset'
[2016.09.15-08.44.02:223][311]LogSavePackage:Display: Finished SavePackage ../../../../../../Users/Rasmus/Documents/Unreal Projects/The_Chosen_One/Content/MyWork/P_Bullet_Time.uasset
[2016.09.15-08.44.05:219][432]LogCascade: Quitting Cascade. FXSystem=0x00000174BE73D260
[2016.09.15-08.44.08:130][637]LogBlueprintUserMessages: Early EndPlayMap Detection: Level '/Game/Maps/Level_Test.Level_Test:PersistentLevel' has LevelScriptBlueprint '/Game/Maps/Level_Test.Level_Test:PersistentLevel.Level_Test' with GeneratedClass '/Game/Maps/Level_Test.Level_Test_C' with ClassGeneratedBy '/Game/Maps/Level_Test.Level_Test:PersistentLevel.Level_Test'
[2016.09.15-08.44.08:184][637]LogBlueprintUserMessages: Late EndPlayMap Detection: Level '/Game/Maps/Level_Test.Level_Test:PersistentLevel' has LevelScriptBlueprint '/Game/Maps/Level_Test.Level_Test:PersistentLevel.Level_Test' with GeneratedClass '/Game/Maps/Level_Test.Level_Test_C' with ClassGeneratedBy '/Game/Maps/Level_Test.Level_Test:PersistentLevel.Level_Test'
[2016.09.15-08.44.09:162][695]LogBlueprintUserMessages: Early PlayInEditor Detection: Level '/Game/Maps/Level_Test.Level_Test:PersistentLevel' has LevelScriptBlueprint '/Game/Maps/Level_Test.Level_Test:PersistentLevel.Level_Test' with GeneratedClass '/Game/Maps/Level_Test.Level_Test_C' with ClassGeneratedBy '/Game/Maps/Level_Test.Level_Test:PersistentLevel.Level_Test'
[2016.09.15-08.44.09:162][695]LogPlayLevel: PlayLevel: No blueprints needed recompiling
[2016.09.15-08.44.09:162][695]PIE: New page: SIE session: Level_Test (Sep 15, 2016, 11:44:09 AM)
[2016.09.15-08.44.09:162][695]LogPlayLevel: Creating play world package: /Game/Maps/UEDPIE_0_Level_Test
[2016.09.15-08.44.09:166][695]LogPlayLevel: PIE: StaticDuplicateObject took: (0.003979s)
[2016.09.15-08.44.09:167][695]LogAIModule: Creating AISystem for world Level_Test
[2016.09.15-08.44.09:167][695]LogPlayLevel: PIE: World Init took: (0.000420s)
[2016.09.15-08.44.09:167][695]LogPlayLevel: PIE: Created PIE world by copying editor world from /Game/Maps/Level_Test.Level_Test to /Game/Maps/UEDPIE_0_Level_Test.Level_Test (0.004546s)
[2016.09.15-08.44.09:189][695]LogInit: XAudio2 using 'ROG PG279Q-8 (NVIDIA High Definition Audio)' : 2 channels at 48 kHz using 16 bits per sample (channel mask 0x3)
[2016.09.15-08.44.09:193][695]LogInit: FAudioDevice initialized.
[2016.09.15-08.44.09:234][695]LogWorld: Game class is 'MyGameMode_C'
[2016.09.15-08.44.09:236][695]LogWorld: Bringing World /Game/Maps/UEDPIE_0_Level_Test.Level_Test up for play (max tick rate 0) at 2016.09.15-10.44.09
[2016.09.15-08.44.09:237][695]LogWorld: Bringing up level for play took: 0.002261
[2016.09.15-08.44.09:238][695]PIE: Info Play in editor start time for /Game/Maps/UEDPIE_0_Level_Test 0.62
[2016.09.15-08.44.09:249][695]LogBlueprintUserMessages: Late PlayInEditor Detection: Level '/Game/Maps/Level_Test.Level_Test:PersistentLevel' has LevelScriptBlueprint '/Game/Maps/Level_Test.Level_Test:PersistentLevel.Level_Test' with GeneratedClass '/Game/Maps/Level_Test.Level_Test_C' with ClassGeneratedBy '/Game/Maps/Level_Test.Level_Test:PersistentLevel.Level_Test'
[2016.09.15-08.44.15:777][240]LogEditorViewport: Clicking on Actor (LMB): BP_Bullet_C (BP_Bullet)
[2016.09.15-08.44.27:858][950]Cmd: OBJ SAVEPACKAGE PACKAGE="/Game/MyWork/Bullet" FILE="../../../../../../Users/Rasmus/Documents/Unreal Projects/The_Chosen_One/Content/MyWork/Bullet.uasset" SILENT=true
[2016.09.15-08.44.27:865][950]LogSavePackage: Save=1.87ms
[2016.09.15-08.44.27:865][950]LogSavePackage: Moving '../../../../../../Users/Rasmus/Documents/Unreal Projects/The_Chosen_One/Saved/Bullet8755863A44DCC0E4712420A6376E395B.tmp' to '../../../../../../Users/Rasmus/Documents/Unreal Projects/The_Chosen_One/Content/MyWork/Bullet.uasset'
[2016.09.15-08.44.27:866][950]LogSavePackage:Display: Finished SavePackage ../../../../../../Users/Rasmus/Documents/Unreal Projects/The_Chosen_One/Content/MyWork/Bullet.uasset
[2016.09.15-08.44.31:619][174]LogBlueprint:Warning: Node '/Game/Blueprints/Shared/BPL_MacroLibrary.BPL_MacroLibrary:AverageBoolSamples.EdGraphNode_Comment_884' missing NodeGuid because of upgrade from old package version, this can cause deterministic cooking issues please resave package.
[2016.09.15-08.44.31:619][174]LogBlueprint:Warning: Node '/Game/Blueprints/Shared/BPL_MacroLibrary.BPL_MacroLibrary:AverageBoolSamples.EdGraphNode_Comment_886' missing NodeGuid because of upgrade from old package version, this can cause deterministic cooking issues please resave package.
[2016.09.15-08.44.31:619][174]LogBlueprint:Warning: Node '/Game/Blueprints/Shared/BPL_MacroLibrary.BPL_MacroLibrary:AverageBoolSamples.EdGraphNode_Comment_888' missing NodeGuid because of upgrade from old package version, this can cause deterministic cooking issues please resave package.
[2016.09.15-08.44.31:619][174]LogBlueprint:Warning: Node '/Game/Blueprints/Shared/BPL_MacroLibrary.BPL_MacroLibrary:AverageFloatSamples.EdGraphNode_Comment_206' missing NodeGuid because of upgrade from old package version, this can cause deterministic cooking issues please resave package.
[2016.09.15-08.44.31:619][174]LogBlueprint:Warning: Node '/Game/Blueprints/Shared/BPL_MacroLibrary.BPL_MacroLibrary:AverageFloatSamples.EdGraphNode_Comment_208' missing NodeGuid because of upgrade from old package version, this can cause deterministic cooking issues please resave package.
[2016.09.15-08.44.31:619][174]LogBlueprint:Warning: Node '/Game/Blueprints/Shared/BPL_MacroLibrary.BPL_MacroLibrary:AverageFloatSamples.EdGraphNode_Comment_858' missing NodeGuid because of upgrade from old package version, this can cause deterministic cooking issues please resave package.
[2016.09.15-08.44.31:620][174]LogBlueprint:Warning: Node '/Game/Blueprints/Shared/BPL_MacroLibrary.BPL_MacroLibrary:AverageBoolSamples.K2Node_AssignmentStatement_456' missing NodeGuid because of upgrade from old package version, this can cause deterministic cooking issues please resave package.
[2016.09.15-08.44.31:620][174]LogBlueprint:Warning: Node '/Game/Blueprints/Shared/BPL_MacroLibrary.BPL_MacroLibrary:AverageBoolSamples.K2Node_AssignmentStatement_458' missing NodeGuid because of upgrade from old package version, this can cause deterministic cooking issues please resave package.
[2016.09.15-08.44.31:620][174]LogBlueprint:Warning: Node '/Game/Blueprints/Shared/BPL_MacroLibrary.BPL_MacroLibrary:AverageBoolSamples.K2Node_AssignmentStatement_459' missing NodeGuid because of upgrade from old package version, this can cause deterministic cooking issues please resave package.
[2016.09.15-08.44.31:620][174]LogBlueprint:Warning: Node '/Game/Blueprints/Shared/BPL_MacroLibrary.BPL_MacroLibrary:AverageBoolSamples.K2Node_AssignmentStatement_460' missing NodeGuid because of upgrade from old package version, this can cause deterministic cooking issues please resave package.
[2016.09.15-08.44.31:620][174]LogBlueprint:Warning: Node '/Game/Blueprints/Shared/BPL_MacroLibrary.BPL_MacroLibrary:AverageFloatSamples.K2Node_AssignmentStatement_193' missing NodeGuid because of upgrade from old package version, this can cause deterministic cooking issues please resave package.
[2016.09.15-08.44.31:620][174]LogBlueprint:Warning: Node '/Game/Blueprints/Shared/BPL_MacroLibrary.BPL_MacroLibrary:AverageFloatSamples.K2Node_AssignmentStatement_195' missing NodeGuid because of upgrade from old package version, this can cause deterministic cooking issues please resave package.
[2016.09.15-08.44.31:620][174]LogBlueprint:Warning: Node '/Game/Blueprints/Shared/BPL_MacroLibrary.BPL_MacroLibrary:AverageBoolSamples.K2Node_CallArrayFunction_1154' missing NodeGuid because of upgrade from old package version, this can cause deterministic cooking issues please resave package.
[2016.09.15-08.44.31:620][174]LogBlueprint:Warning: Node '/Game/Blueprints/Shared/BPL_MacroLibrary.BPL_MacroLibrary:AverageBoolSamples.K2Node_CallArrayFunction_1169' missing NodeGuid because of upgrade from old package version, this can cause deterministic cooking issues please resave package.
[2016.09.15-08.44.31:620][174]LogBlueprint:Warning: Node '/Game/Blueprints/Shared/BPL_MacroLibrary.BPL_MacroLibrary:AverageBoolSamples.K2Node_CallArrayFunction_1970' missing NodeGuid because of upgrade from old package version, this can cause deterministic cooking issues please resave package.
[2016.09.15-08.44.31:620][174]LogBlueprint:Warning: Node '/Game/Blueprints/Shared/BPL_MacroLibrary.BPL_MacroLibrary:AverageFloatSamples.K2Node_CallArrayFunction_1315' missing NodeGuid because of upgrade from old package version, this can cause deterministic cooking issues please resave package.
[2016.09.15-08.44.31:620][174]LogBlueprint:Warning: Node '/Game/Blueprints/Shared/BPL_MacroLibrary.BPL_MacroLibrary:AverageFloatSamples.K2Node_CallArrayFunction_1925' missing NodeGuid because of upgrade from old package version, this can cause deterministic cooking issues please resave package.
[2016.09.15-08.44.31:620][174]LogBlueprint:Warning: Node '/Game/Blueprints/Shared/BPL_MacroLibrary.BPL_MacroLibrary:AverageFloatSamples.K2Node_CallArrayFunction_1926' missing NodeGuid because of upgrade from old package version, this can cause deterministic cooking issues please resave package.
[2016.09.15-08.44.31:620][174]LogBlueprint:Warning: Node '/Game/Blueprints/Shared/BPL_MacroLibrary.BPL_MacroLibrary:AverageFloatSamples.K2Node_CallArrayFunction_1927' missing NodeGuid because of upgrade from old package version, this can cause deterministic cooking issues please resave package.
[2016.09.15-08.44.31:620][174]LogBlueprint:Warning: Node '/Game/Blueprints/Shared/BPL_MacroLibrary.BPL_MacroLibrary:AverageVectorSamples.K2Node_CallArrayFunction_1154' missing NodeGuid because of upgrade from old package version, this can cause deterministic cooking issues please resave package.
[2016.09.15-08.44.31:620][174]LogBlueprint:Warning: Node '/Game/Blueprints/Shared/BPL_MacroLibrary.BPL_MacroLibrary:AverageVectorSamples.K2Node_CallArrayFunction_1169' missing NodeGuid because of upgrade from old package version, this can cause deterministic cooking issues please resave package.
[2016.09.15-08.44.31:620][174]LogBlueprint:Warning: Node '/Game/Blueprints/Shared/BPL_MacroLibrary.BPL_MacroLibrary:AverageVectorSamples.K2Node_CallArrayFunction_1970' missing NodeGuid because of upgrade from old package version, this can cause deterministic cooking issues please resave package.
[2016.09.15-08.44.31:620][174]LogBlueprint:Warning: Node '/Game/Blueprints/Shared/BPL_MacroLibrary.BPL_MacroLibrary:AverageBoolSamples.K2Node_CallFunction_90500' missing NodeGuid because of upgrade from old package version, this can cause deterministic cooking issues please resave package.
[2016.09.15-08.44.31:620][174]LogBlueprint:Warning: Node '/Game/Blueprints/Shared/BPL_MacroLibrary.BPL_MacroLibrary:AverageFloatSamples.K2Node_CallFunction_130597' missing NodeGuid because of upgrade from old package version, this can cause deterministic cooking issues please resave package.
[2016.09.15-08.44.31:620][174]LogBlueprint:Warning: Node '/Game/Blueprints/Shared/BPL_MacroLibrary.BPL_MacroLibrary:AverageFloatSamples.K2Node_CallFunction_96356' missing NodeGuid because of upgrade from old package version, this can cause deterministic cooking issues please resave package.
[2016.09.15-08.44.31:620][174]LogBlueprint:Warning: Node '/Game/Blueprints/Shared/BPL_MacroLibrary.BPL_MacroLibrary:AverageFloatSamples.K2Node_CallFunction_96358' missing NodeGuid because of upgrade from old package version, this can cause deterministic cooking issues please resave package.
[2016.09.15-08.44.31:620][174]LogBlueprint:Warning: Node '/Game/Blueprints/Shared/BPL_MacroLibrary.BPL_MacroLibrary:AverageVectorSamples.K2Node_CallFunction_130596' missing NodeGuid because of upgrade from old package version, this can cause deterministic cooking issues please resave package.
[2016.09.15-08.44.31:620][174]LogBlueprint:Warning: Node '/Game/Blueprints/Shared/BPL_MacroLibrary.BPL_MacroLibrary:AverageVectorSamples.K2Node_CallFunction_90500' missing NodeGuid because of upgrade from old package version, this can cause deterministic cooking issues please resave package.
[2016.09.15-08.44.31:620][174]LogBlueprint:Warning: Node '/Game/Blueprints/Shared/BPL_MacroLibrary.BPL_MacroLibrary:AverageBoolSamples.K2Node_CommutativeAssociativeBinaryOperator_2278' missing NodeGuid because of upgrade from old package version, this can cause deterministic cooking issues please resave package.
[2016.09.15-08.44.31:620][174]LogBlueprint:Warning: Node '/Game/Blueprints/Shared/BPL_MacroLibrary.BPL_MacroLibrary:AverageBoolSamples.K2Node_CommutativeAssociativeBinaryOperator_2279' missing NodeGuid because of upgrade from old package version, this can cause deterministic cooking issues please resave package.
[2016.09.15-08.44.31:620][174]LogBlueprint:Warning: Node '/Game/Blueprints/Shared/BPL_MacroLibrary.BPL_MacroLibrary:AverageFloatSamples.K2Node_CommutativeAssociativeBinaryOperator_1545' missing NodeGuid because of upgrade from old package version, this can cause deterministic cooking issues please resave package.
[2016.09.15-08.44.31:620][174]LogBlueprint:Warning: Node '/Game/Blueprints/Shared/BPL_MacroLibrary.BPL_MacroLibrary:AverageBoolSamples.K2Node_IfThenElse_243' missing NodeGuid because of upgrade from old package version, this can cause deterministic cooking issues please resave package.
[2016.09.15-08.44.31:620][174]LogBlueprint:Warning: Node '/Game/Blueprints/Shared/BPL_MacroLibrary.BPL_MacroLibrary:AverageBoolSamples.K2Node_IfThenElse_662' missing NodeGuid because of upgrade from old package version, this can cause deterministic cooking issues please resave package.
[2016.09.15-08.44.31:620][174]LogBlueprint:Warning: Node '/Game/Blueprints/Shared/BPL_MacroLibrary.BPL_MacroLibrary:AverageFloatSamples.K2Node_IfThenElse_648' missing NodeGuid because of upgrade from old package version, this can cause deterministic cooking issues please resave package.
[2016.09.15-08.44.31:620][174]LogBlueprint:Warning: Node '/Game/Blueprints/Shared/BPL_MacroLibrary.BPL_MacroLibrary:AverageVectorSamples.K2Node_IfThenElse_243' missing NodeGuid because of upgrade from old package version, this can cause deterministic cooking issues please resave package.
[2016.09.15-08.44.31:620][174]LogBlueprint:Warning: Node '/Game/Blueprints/Shared/BPL_MacroLibrary.BPL_MacroLibrary:AverageBoolSamples.K2Node_MacroInstance_1920' missing NodeGuid because of upgrade from old package version, this can cause deterministic cooking issues please resave package.
[2016.09.15-08.44.31:620][174]LogBlueprint:Warning: Node '/Game/Blueprints/Shared/BPL_MacroLibrary.BPL_MacroLibrary:AverageFloatSamples.K2Node_MacroInstance_1092' missing NodeGuid because of upgrade from old package version, this can cause deterministic cooking issues please resave package.
[2016.09.15-08.44.31:620][174]LogBlueprint:Warning: Node '/Game/Blueprints/Shared/BPL_MacroLibrary.BPL_MacroLibrary:AverageBoolSamples.K2Node_TemporaryVariable_435' missing NodeGuid because of upgrade from old package version, this can cause deterministic cooking issues please resave package.
[2016.09.15-08.44.31:620][174]LogBlueprint:Warning: Node '/Game/Blueprints/Shared/BPL_MacroLibrary.BPL_MacroLibrary:AverageBoolSamples.K2Node_TemporaryVariable_455' missing NodeGuid because of upgrade from old package version, this can cause deterministic cooking issues please resave package.
[2016.09.15-08.44.31:620][174]LogBlueprint:Warning: Node '/Game/Blueprints/Shared/BPL_MacroLibrary.BPL_MacroLibrary:AverageBoolSamples.K2Node_TemporaryVariable_475' missing NodeGuid because of upgrade from old package version, this can cause deterministic cooking issues please resave package.
[2016.09.15-08.44.31:620][174]LogBlueprint:Warning: Node '/Game/Blueprints/Shared/BPL_MacroLibrary.BPL_MacroLibrary:AverageFloatSamples.K2Node_TemporaryVariable_121' missing NodeGuid because of upgrade from old package version, this can cause deterministic cooking issues please resave package.
[2016.09.15-08.44.31:620][174]LogBlueprint:Warning: Node '/Game/Blueprints/Shared/BPL_MacroLibrary.BPL_MacroLibrary:AverageFloatSamples.K2Node_TemporaryVariable_200' missing NodeGuid because of upgrade from old package version, this can cause deterministic cooking issues please resave package.
[2016.09.15-08.44.31:620][174]LogBlueprint:Warning: Node '/Game/Blueprints/Shared/BPL_MacroLibrary.BPL_MacroLibrary:AverageVectorSamples.K2Node_TemporaryVariable_53' missing NodeGuid because of upgrade from old package version, this can cause deterministic cooking issues please resave package.
[2016.09.15-08.44.31:620][174]LogBlueprint:Warning: Node '/Game/Blueprints/Shared/BPL_MacroLibrary.BPL_MacroLibrary:AverageBoolSamples.K2Node_Tunnel_156' missing NodeGuid because of upgrade from old package version, this can cause deterministic cooking issues please resave package.
[2016.09.15-08.44.31:620][174]LogBlueprint:Warning: Node '/Game/Blueprints/Shared/BPL_MacroLibrary.BPL_MacroLibrary:AverageBoolSamples.K2Node_Tunnel_157' missing NodeGuid because of upgrade from old package version, this can cause deterministic cooking issues please resave package.
[2016.09.15-08.44.31:620][174]LogBlueprint:Warning: Node '/Game/Blueprints/Shared/BPL_MacroLibrary.BPL_MacroLibrary:AverageFloatSamples.K2Node_Tunnel_154' missing NodeGuid because of upgrade from old package version, this can cause deterministic cooking issues please resave package.
[2016.09.15-08.44.31:620][174]LogBlueprint:Warning: Node '/Game/Blueprints/Shared/BPL_MacroLibrary.BPL_MacroLibrary:AverageFloatSamples.K2Node_Tunnel_155' missing NodeGuid because of upgrade from old package version, this can cause deterministic cooking issues please resave package.
[2016.09.15-08.44.31:620][174]LogBlueprint:Warning: Node '/Game/Blueprints/Shared/BPL_MacroLibrary.BPL_MacroLibrary:AverageVectorSamples.K2Node_Tunnel_64' missing NodeGuid because of upgrade from old package version, this can cause deterministic cooking issues please resave package.
[2016.09.15-08.44.31:620][174]LogBlueprint:Warning: Node '/Game/Blueprints/Shared/BPL_MacroLibrary.BPL_MacroLibrary:AverageVectorSamples.K2Node_Tunnel_65' missing NodeGuid because of upgrade from old package version, this can cause deterministic cooking issues please resave package.
[2016.09.15-08.44.31:629][174]LogContentBrowser: Native class hierarchy updated for 'BlueprintGraph' in 0.0006 seconds. Added 111 classes and 0 folders.
[2016.09.15-08.44.58:063][426]Cmd: OBJ SAVEPACKAGE PACKAGE="/Game/MyWork/Blueprints/BP_Bullet" FILE="../../../../../../Users/Rasmus/Documents/Unreal Projects/The_Chosen_One/Content/MyWork/Blueprints/BP_Bullet.uasset" SILENT=true
[2016.09.15-08.44.58:082][426]LogSavePackage: Save=12.06ms
[2016.09.15-08.44.58:082][426]LogSavePackage: Moving '../../../../../../Users/Rasmus/Documents/Unreal Projects/The_Chosen_One/Saved/BP_Bullet009CFA3443D0FC50931A6F819A52BB45.tmp' to '../../../../../../Users/Rasmus/Documents/Unreal Projects/The_Chosen_One/Content/MyWork/Blueprints/BP_Bullet.uasset'
[2016.09.15-08.44.58:084][426]LogSavePackage:Display: Finished SavePackage ../../../../../../Users/Rasmus/Documents/Unreal Projects/The_Chosen_One/Content/MyWork/Blueprints/BP_Bullet.uasset
[2016.09.15-08.45.01:183][569]LogBlueprintUserMessages: Early EndPlayMap Detection: Level '/Game/Maps/Level_Test.Level_Test:PersistentLevel' has LevelScriptBlueprint '/Game/Maps/Level_Test.Level_Test:PersistentLevel.Level_Test' with GeneratedClass '/Game/Maps/Level_Test.Level_Test_C' with ClassGeneratedBy '/Game/Maps/Level_Test.Level_Test:PersistentLevel.Level_Test'
[2016.09.15-08.45.01:239][569]LogBlueprintUserMessages: Late EndPlayMap Detection: Level '/Game/Maps/Level_Test.Level_Test:PersistentLevel' has LevelScriptBlueprint '/Game/Maps/Level_Test.Level_Test:PersistentLevel.Level_Test' with GeneratedClass '/Game/Maps/Level_Test.Level_Test_C' with ClassGeneratedBy '/Game/Maps/Level_Test.Level_Test:PersistentLevel.Level_Test'
[2016.09.15-08.45.02:209][608]BlueprintLog: New page: Compile BP_Bullet
[2016.09.15-08.45.02:271][608]BlueprintEditorCompileResults: Info [0229.83] Compile of BP_Bullet successful! [in 61 ms] (/Game/MyWork/Blueprints/BP_Bullet.BP_Bullet)
[2016.09.15-08.45.03:689][671]Cmd: OBJ SAVEPACKAGE PACKAGE="/Game/MyWork/Blueprints/BP_Bullet" FILE="../../../../../../Users/Rasmus/Documents/Unreal Projects/The_Chosen_One/Content/MyWork/Blueprints/BP_Bullet.uasset" SILENT=true
[2016.09.15-08.45.03:706][671]LogSavePackage: Save=11.83ms
[2016.09.15-08.45.03:706][671]LogSavePackage: Moving '../../../../../../Users/Rasmus/Documents/Unreal Projects/The_Chosen_One/Saved/BP_BulletBE0AFC9640BE7AD6423C6B97A05C1E20.tmp' to '../../../../../../Users/Rasmus/Documents/Unreal Projects/The_Chosen_One/Content/MyWork/Blueprints/BP_Bullet.uasset'
[2016.09.15-08.45.03:707][671]LogSavePackage:Display: Finished SavePackage ../../../../../../Users/Rasmus/Documents/Unreal Projects/The_Chosen_One/Content/MyWork/Blueprints/BP_Bullet.uasset
[2016.09.15-08.45.04:788][740]LogBlueprintUserMessages: Early PlayInEditor Detection: Level '/Game/Maps/Level_Test.Level_Test:PersistentLevel' has LevelScriptBlueprint '/Game/Maps/Level_Test.Level_Test:PersistentLevel.Level_Test' with GeneratedClass '/Game/Maps/Level_Test.Level_Test_C' with ClassGeneratedBy '/Game/Maps/Level_Test.Level_Test:PersistentLevel.Level_Test'
[2016.09.15-08.45.04:788][740]LogPlayLevel: PlayLevel: No blueprints needed recompiling
[2016.09.15-08.45.04:788][740]PIE: New page: SIE session: Level_Test (Sep 15, 2016, 11:45:04 AM)
[2016.09.15-08.45.04:788][740]LogPlayLevel: Creating play world package: /Game/Maps/UEDPIE_0_Level_Test
[2016.09.15-08.45.04:792][740]LogPlayLevel: PIE: StaticDuplicateObject took: (0.003778s)
[2016.09.15-08.45.04:792][740]LogAIModule: Creating AISystem for world Level_Test
[2016.09.15-08.45.04:792][740]LogPlayLevel: PIE: World Init took: (0.000424s)
[2016.09.15-08.45.04:792][740]LogPlayLevel: PIE: Created PIE world by copying editor world from /Game/Maps/Level_Test.Level_Test to /Game/Maps/UEDPIE_0_Level_Test.Level_Test (0.004356s)
[2016.09.15-08.45.04:819][740]LogInit: XAudio2 using 'ROG PG279Q-8 (NVIDIA High Definition Audio)' : 2 channels at 48 kHz using 16 bits per sample (channel mask 0x3)
[2016.09.15-08.45.04:823][740]LogInit: FAudioDevice initialized.
[2016.09.15-08.45.04:888][740]LogWorld: Game class is 'MyGameMode_C'
[2016.09.15-08.45.04:893][740]LogWorld: Bringing World /Game/Maps/UEDPIE_0_Level_Test.Level_Test up for play (max tick rate 0) at 2016.09.15-10.45.04
[2016.09.15-08.45.04:894][740]LogWorld: Bringing up level for play took: 0.004886
[2016.09.15-08.45.04:896][740]PIE: Info Play in editor start time for /Game/Maps/UEDPIE_0_Level_Test 0.279
[2016.09.15-08.45.04:907][740]LogBlueprintUserMessages: Late PlayInEditor Detection: Level '/Game/Maps/Level_Test.Level_Test:PersistentLevel' has LevelScriptBlueprint '/Game/Maps/Level_Test.Level_Test:PersistentLevel.Level_Test' with GeneratedClass '/Game/Maps/Level_Test.Level_Test_C' with ClassGeneratedBy '/Game/Maps/Level_Test.Level_Test:PersistentLevel.Level_Test'
[2016.09.15-08.45.07:858][932]LogBlueprintUserMessages: Early EndPlayMap Detection: Level '/Game/Maps/Level_Test.Level_Test:PersistentLevel' has LevelScriptBlueprint '/Game/Maps/Level_Test.Level_Test:PersistentLevel.Level_Test' with GeneratedClass '/Game/Maps/Level_Test.Level_Test_C' with ClassGeneratedBy '/Game/Maps/Level_Test.Level_Test:PersistentLevel.Level_Test'
[2016.09.15-08.45.07:910][932]LogBlueprintUserMessages: Late EndPlayMap Detection: Level '/Game/Maps/Level_Test.Level_Test:PersistentLevel' has LevelScriptBlueprint '/Game/Maps/Level_Test.Level_Test:PersistentLevel.Level_Test' with GeneratedClass '/Game/Maps/Level_Test.Level_Test_C' with ClassGeneratedBy '/Game/Maps/Level_Test.Level_Test:PersistentLevel.Level_Test'
[2016.09.15-08.45.10:809][ 97]LogBlueprintUserMessages: Early PlayInEditor Detection: Level '/Game/Maps/Level_Test.Level_Test:PersistentLevel' has LevelScriptBlueprint '/Game/Maps/Level_Test.Level_Test:PersistentLevel.Level_Test' with GeneratedClass '/Game/Maps/Level_Test.Level_Test_C' with ClassGenerat